<?xml version="1.0" encoding="UTF-8" standalone="yes"?><!DOCTYPE report PUBLIC "-//JACOCO//DTD Report 1.1//EN" "report.dtd"><report name="opintolaskuri"><sessioninfo id="DESKTOP-B6GRN02-2b87990e" start="1618921830596" dump="1618921830950"/><sessioninfo id="DESKTOP-B6GRN02-44b03335" start="1618927703347" dump="1618927703710"/><sessioninfo id="DESKTOP-B6GRN02-135fe779" start="1618938616331" dump="1618938616715"/><sessioninfo id="DESKTOP-B6GRN02-a0d75812" start="1618938687251" dump="1618938687606"/><sessioninfo id="DESKTOP-B6GRN02-4ef3606e" start="1618939332764" dump="1618939333140"/><sessioninfo id="DESKTOP-B6GRN02-76051aad" start="1618939403963" dump="1618939404323"/><sessioninfo id="DESKTOP-B6GRN02-335d9235" start="1618940742237" dump="1618940742613"/><sessioninfo id="DESKTOP-B6GRN02-ea043688" start="1618941192754" dump="1618941193191"/><sessioninfo id="DESKTOP-B6GRN02-e05c6c12" start="1618941213686" dump="1618941214091"/><sessioninfo id="DESKTOP-B6GRN02-db862c3a" start="1618941501004" dump="1618941501465"/><sessioninfo id="DESKTOP-B6GRN02-f077e4af" start="1618942013939" dump="1618942014382"/><sessioninfo id="DESKTOP-B6GRN02-6ae16b8e" start="1618942036681" dump="1618942037148"/><sessioninfo id="DESKTOP-B6GRN02-b362417b" start="1618942599818" dump="1618942600242"/><sessioninfo id="DESKTOP-B6GRN02-fe9c7c0e" start="1618942652270" dump="1618942652612"/><sessioninfo id="DESKTOP-B6GRN02-479c8c7c" start="1618942774047" dump="1618942774456"/><sessioninfo id="DESKTOP-B6GRN02-9ea5947d" start="1618942830858" dump="1618942831235"/><sessioninfo id="DESKTOP-B6GRN02-4fdd0b08" start="1619515339592" dump="1619515339925"/><sessioninfo id="DESKTOP-B6GRN02-b32c1f83" start="1619515848840" dump="1619515849025"/><sessioninfo id="DESKTOP-B6GRN02-971782cd" start="1619516350332" dump="1619516350704"/><sessioninfo id="DESKTOP-B6GRN02-7229b008" start="1619516444146" dump="1619516444703"/><sessioninfo id="DESKTOP-B6GRN02-c2762bba" start="1619522821495" dump="1619522821839"/><sessioninfo id="DESKTOP-B6GRN02-d6add075" start="1619523754832" dump="1619523755168"/><sessioninfo id="DESKTOP-B6GRN02-409f7160" start="1619523937741" dump="1619523938074"/><sessioninfo id="DESKTOP-B6GRN02-32ed472" start="1619526329633" dump="1619526329969"/><sessioninfo id="DESKTOP-B6GRN02-25e7755b" start="1619526358637" dump="1619526358972"/><package name="laskuri"><class name="laskuri/laskeMain" sourcefilename="laskeMain.java"><method name="&lt;init&gt;" desc="()V" line="12"><counter type="INSTRUCTION" missed="3" covered="0"/><counter type="LINE" missed="1" covered="0"/><counter type="COMPLEXITY" missed="1" covered="0"/><counter type="METHOD" missed="1" covered="0"/></method><method name="main" desc="([Ljava/lang/String;)V" line="19"><counter type="INSTRUCTION" missed="3" covered="0"/><counter type="LINE" missed="2" covered="0"/><counter type="COMPLEXITY" missed="1" covered="0"/><counter type="METHOD" missed="1" covered="0"/></method><counter type="INSTRUCTION" missed="6" covered="0"/><counter type="LINE" missed="3" covered="0"/><counter type="COMPLEXITY" missed="2" covered="0"/><counter type="METHOD" missed="2" covered="0"/><counter type="CLASS" missed="1" covered="0"/></class><class name="laskuri/account" sourcefilename="account.java"><method name="&lt;init&gt;" desc="(Ljava/lang/String;Ljava/lang/String;)V" line="16"><counter type="INSTRUCTION" missed="0" covered="12"/><counter type="LINE" missed="0" covered="5"/><counter type="COMPLEXITY" missed="0" covered="1"/><counter type="METHOD" missed="0" covered="1"/></method><method name="addCredit" desc="(I)V" line="22"><counter type="INSTRUCTION" missed="0" covered="7"/><counter type="LINE" missed="0" covered="2"/><counter type="COMPLEXITY" missed="0" covered="1"/><counter type="METHOD" missed="0" covered="1"/></method><method name="getCredit" desc="()I" line="25"><counter type="INSTRUCTION" missed="0" covered="3"/><counter type="LINE" missed="0" covered="1"/><counter type="COMPLEXITY" missed="0" covered="1"/><counter type="METHOD" missed="0" covered="1"/></method><method name="getName" desc="()Ljava/lang/String;" line="28"><counter type="INSTRUCTION" missed="0" covered="3"/><counter type="LINE" missed="0" covered="1"/><counter type="COMPLEXITY" missed="0" covered="1"/><counter type="METHOD" missed="0" covered="1"/></method><method name="getPass" desc="()Ljava/lang/String;" line="31"><counter type="INSTRUCTION" missed="0" covered="3"/><counter type="LINE" missed="0" covered="1"/><counter type="COMPLEXITY" missed="0" covered="1"/><counter type="METHOD" missed="0" covered="1"/></method><method name="hasMs" desc="()Z" line="34"><counter type="INSTRUCTION" missed="0" covered="8"/><counter type="BRANCH" missed="0" covered="2"/><counter type="LINE" missed="0" covered="3"/><counter type="COMPLEXITY" missed="0" covered="2"/><counter type="METHOD" missed="0" covered="1"/></method><method name="hasBc" desc="()Z" line="40"><counter type="INSTRUCTION" missed="0" covered="8"/><counter type="BRANCH" missed="0" covered="2"/><counter type="LINE" missed="0" covered="3"/><counter type="COMPLEXITY" missed="0" covered="2"/><counter type="METHOD" missed="0" covered="1"/></method><counter type="INSTRUCTION" missed="0" covered="44"/><counter type="BRANCH" missed="0" covered="4"/><counter type="LINE" missed="0" covered="16"/><counter type="COMPLEXITY" missed="0" covered="9"/><counter type="METHOD" missed="0" covered="7"/><counter type="CLASS" missed="0" covered="1"/></class><sourcefile name="account.java"><line nr="16" mi="0" ci="2" mb="0" cb="0"/><line nr="17" mi="0" ci="3" mb="0" cb="0"/><line nr="18" mi="0" ci="3" mb="0" cb="0"/><line nr="19" mi="0" ci="3" mb="0" cb="0"/><line nr="20" mi="0" ci="1" mb="0" cb="0"/><line nr="22" mi="0" ci="6" mb="0" cb="0"/><line nr="23" mi="0" ci="1" mb="0" cb="0"/><line nr="25" mi="0" ci="3" mb="0" cb="0"/><line nr="28" mi="0" ci="3" mb="0" cb="0"/><line nr="31" mi="0" ci="3" mb="0" cb="0"/><line nr="34" mi="0" ci="4" mb="0" cb="2"/><line nr="35" mi="0" ci="2" mb="0" cb="0"/><line nr="37" mi="0" ci="2" mb="0" cb="0"/><line nr="40" mi="0" ci="4" mb="0" cb="2"/><line nr="41" mi="0" ci="2" mb="0" cb="0"/><line nr="43" mi="0" ci="2" mb="0" cb="0"/><counter type="INSTRUCTION" missed="0" covered="44"/><counter type="BRANCH" missed="0" covered="4"/><counter type="LINE" missed="0" covered="16"/><counter type="COMPLEXITY" missed="0" covered="9"/><counter type="METHOD" missed="0" covered="7"/><counter type="CLASS" missed="0" covered="1"/></sourcefile><sourcefile name="laskeMain.java"><line nr="12" mi="3" ci="0" mb="0" cb="0"/><line nr="19" mi="2" ci="0" mb="0" cb="0"/><line nr="20" mi="1" ci="0" mb="0" cb="0"/><counter type="INSTRUCTION" missed="6" covered="0"/><counter type="LINE" missed="3" covered="0"/><counter type="COMPLEXITY" missed="2" covered="0"/><counter type="METHOD" missed="2" covered="0"/><counter type="CLASS" missed="1" covered="0"/></sourcefile><counter type="INSTRUCTION" missed="6" covered="44"/><counter type="BRANCH" missed="0" covered="4"/><counter type="LINE" missed="3" covered="16"/><counter type="COMPLEXITY" missed="2" covered="9"/><counter type="METHOD" missed="2" covered="7"/><counter type="CLASS" missed="1" covered="1"/></package><counter type="INSTRUCTION" missed="6" covered="44"/><counter type="BRANCH" missed="0" covered="4"/><counter type="LINE" missed="3" covered="16"/><counter type="COMPLEXITY" missed="2" covered="9"/><counter type="METHOD" missed="2" covered="7"/><counter type="CLASS" missed="1" covered="1"/></report>