<?xml version="1.0" encoding="UTF-8" standalone="yes"?><!DOCTYPE report PUBLIC "-//JACOCO//DTD Report 1.1//EN" "report.dtd"><report name="opintolaskuri"><sessioninfo id="DESKTOP-B6GRN02-2b87990e" start="1618921830596" dump="1618921830950"/><sessioninfo id="DESKTOP-B6GRN02-44b03335" start="1618927703347" dump="1618927703710"/><sessioninfo id="DESKTOP-B6GRN02-135fe779" start="1618938616331" dump="1618938616715"/><sessioninfo id="DESKTOP-B6GRN02-a0d75812" start="1618938687251" dump="1618938687606"/><sessioninfo id="DESKTOP-B6GRN02-4ef3606e" start="1618939332764" dump="1618939333140"/><sessioninfo id="DESKTOP-B6GRN02-76051aad" start="1618939403963" dump="1618939404323"/><sessioninfo id="DESKTOP-B6GRN02-335d9235" start="1618940742237" dump="1618940742613"/><sessioninfo id="DESKTOP-B6GRN02-ea043688" start="1618941192754" dump="1618941193191"/><sessioninfo id="DESKTOP-B6GRN02-e05c6c12" start="1618941213686" dump="1618941214091"/><sessioninfo id="DESKTOP-B6GRN02-db862c3a" start="1618941501004" dump="1618941501465"/><sessioninfo id="DESKTOP-B6GRN02-f077e4af" start="1618942013939" dump="1618942014382"/><sessioninfo id="DESKTOP-B6GRN02-6ae16b8e" start="1618942036681" dump="1618942037148"/><sessioninfo id="DESKTOP-B6GRN02-b362417b" start="1618942599818" dump="1618942600242"/><sessioninfo id="DESKTOP-B6GRN02-fe9c7c0e" start="1618942652270" dump="1618942652612"/><sessioninfo id="DESKTOP-B6GRN02-479c8c7c" start="1618942774047" dump="1618942774456"/><sessioninfo id="DESKTOP-B6GRN02-9ea5947d" start="1618942830858" dump="1618942831235"/><sessioninfo id="DESKTOP-B6GRN02-4fdd0b08" start="1619515339592" dump="1619515339925"/><sessioninfo id="DESKTOP-B6GRN02-b32c1f83" start="1619515848840" dump="1619515849025"/><sessioninfo id="DESKTOP-B6GRN02-971782cd" start="1619516350332" dump="1619516350704"/><sessioninfo id="DESKTOP-B6GRN02-7229b008" start="1619516444146" dump="1619516444703"/><sessioninfo id="DESKTOP-B6GRN02-c2762bba" start="1619522821495" dump="1619522821839"/><sessioninfo id="DESKTOP-B6GRN02-d6add075" start="1619523754832" dump="1619523755168"/><sessioninfo id="DESKTOP-B6GRN02-409f7160" start="1619523937741" dump="1619523938074"/><sessioninfo id="DESKTOP-B6GRN02-32ed472" start="1619526329633" dump="1619526329969"/><sessioninfo id="DESKTOP-B6GRN02-25e7755b" start="1619526358637" dump="1619526358972"/><sessioninfo id="DESKTOP-B6GRN02-fcb0b1c0" start="1619533870352" dump="1619533870723"/><sessioninfo id="DESKTOP-B6GRN02-132e8538" start="1619541978228" dump="1619541978686"/><sessioninfo id="DESKTOP-B6GRN02-f94b6a30" start="1619543276335" dump="1619543276797"/><sessioninfo id="DESKTOP-B6GRN02-ea9e3520" start="1619543367296" dump="1619543367693"/><sessioninfo id="DESKTOP-B6GRN02-cf1046d" start="1620142859574" dump="1620142860142"/><sessioninfo id="DESKTOP-B6GRN02-71c4fbe0" start="1620146219128" dump="1620146219645"/><sessioninfo id="DESKTOP-B6GRN02-2c0835c0" start="1620154181473" dump="1620154181805"/><sessioninfo id="DESKTOP-B6GRN02-8a8dd2a8" start="1620154883509" dump="1620154883940"/><sessioninfo id="DESKTOP-B6GRN02-d10309ee" start="1621092246218" dump="1621092246862"/><sessioninfo id="DESKTOP-B6GRN02-734d2c98" start="1621095659140" dump="1621095660229"/><sessioninfo id="DESKTOP-B6GRN02-c357c76b" start="1621095875706" dump="1621095876440"/><sessioninfo id="DESKTOP-B6GRN02-a30274df" start="1621096039335" dump="1621096040051"/><sessioninfo id="DESKTOP-B6GRN02-d56fed2f" start="1621096121782" dump="1621096122495"/><sessioninfo id="DESKTOP-B6GRN02-d44535ba" start="1621096475165" dump="1621096475855"/><sessioninfo id="DESKTOP-B6GRN02-80171634" start="1621096576049" dump="1621096577360"/><sessioninfo id="DESKTOP-B6GRN02-76896588" start="1621096606699" dump="1621096607840"/><sessioninfo id="DESKTOP-B6GRN02-30c6f969" start="1621097156790" dump="1621097158037"/><sessioninfo id="DESKTOP-B6GRN02-f92828bf" start="1621097516469" dump="1621097517160"/><sessioninfo id="DESKTOP-B6GRN02-f91646a6" start="1621097562560" dump="1621097563257"/><sessioninfo id="DESKTOP-B6GRN02-b3278d7" start="1621097667006" dump="1621097667725"/><sessioninfo id="DESKTOP-B6GRN02-accdc42" start="1621097852785" dump="1621097853516"/><sessioninfo id="DESKTOP-B6GRN02-86b9c4be" start="1621097881086" dump="1621097881783"/><sessioninfo id="DESKTOP-B6GRN02-defe0b38" start="1621098524943" dump="1621098525652"/><sessioninfo id="DESKTOP-B6GRN02-a0706e17" start="1621098609742" dump="1621098610437"/><sessioninfo id="DESKTOP-B6GRN02-e01c7275" start="1621098651041" dump="1621098651781"/><sessioninfo id="DESKTOP-B6GRN02-baa8a9a0" start="1621103280001" dump="1621103280968"/><sessioninfo id="DESKTOP-B6GRN02-d05ff075" start="1621182901176" dump="1621182901825"/><package name="laskuri"><class name="laskuri/Service" sourcefilename="Service.java"><method name="&lt;init&gt;" desc="(Ldao/AccountDao;)V" line="25"><counter type="INSTRUCTION" missed="6" covered="0"/><counter type="LINE" missed="3" covered="0"/><counter type="COMPLEXITY" missed="1" covered="0"/><counter type="METHOD" missed="1" covered="0"/></method><method name="login" desc="(Ljava/lang/String;)Z" line="34"><counter type="INSTRUCTION" missed="14" covered="0"/><counter type="BRANCH" missed="2" covered="0"/><counter type="LINE" missed="5" covered="0"/><counter type="COMPLEXITY" missed="2" covered="0"/><counter type="METHOD" missed="1" covered="0"/></method><method name="getLoggedAcc" desc="()Llaskuri/account;" line="46"><counter type="INSTRUCTION" missed="3" covered="0"/><counter type="LINE" missed="1" covered="0"/><counter type="COMPLEXITY" missed="1" covered="0"/><counter type="METHOD" missed="1" covered="0"/></method><method name="logout" desc="()V" line="53"><counter type="INSTRUCTION" missed="15" covered="0"/><counter type="LINE" missed="6" covered="0"/><counter type="COMPLEXITY" missed="1" covered="0"/><counter type="METHOD" missed="1" covered="0"/></method><method name="crtAccount" desc="(Ljava/lang/String;Ljava/lang/String;)Z" line="66"><counter type="INSTRUCTION" missed="24" covered="0"/><counter type="BRANCH" missed="2" covered="0"/><counter type="LINE" missed="8" covered="0"/><counter type="COMPLEXITY" missed="2" covered="0"/><counter type="METHOD" missed="1" covered="0"/></method><counter type="INSTRUCTION" missed="62" covered="0"/><counter type="BRANCH" missed="4" covered="0"/><counter type="LINE" missed="23" covered="0"/><counter type="COMPLEXITY" missed="7" covered="0"/><counter type="METHOD" missed="5" covered="0"/><counter type="CLASS" missed="1" covered="0"/></class><class name="laskuri/laskeMain" sourcefilename="laskeMain.java"><method name="&lt;init&gt;" desc="()V" line="12"><counter type="INSTRUCTION" missed="3" covered="0"/><counter type="LINE" missed="1" covered="0"/><counter type="COMPLEXITY" missed="1" covered="0"/><counter type="METHOD" missed="1" covered="0"/></method><method name="main" desc="([Ljava/lang/String;)V" line="19"><counter type="INSTRUCTION" missed="3" covered="0"/><counter type="LINE" missed="2" covered="0"/><counter type="COMPLEXITY" missed="1" covered="0"/><counter type="METHOD" missed="1" covered="0"/></method><counter type="INSTRUCTION" missed="6" covered="0"/><counter type="LINE" missed="3" covered="0"/><counter type="COMPLEXITY" missed="2" covered="0"/><counter type="METHOD" missed="2" covered="0"/><counter type="CLASS" missed="1" covered="0"/></class><class name="laskuri/account" sourcefilename="account.java"><method name="&lt;init&gt;" desc="(Ljava/lang/String;Ljava/lang/String;ID)V" line="26"><counter type="INSTRUCTION" missed="0" covered="21"/><counter type="LINE" missed="0" covered="8"/><counter type="COMPLEXITY" missed="0" covered="1"/><counter type="METHOD" missed="0" covered="1"/></method><method name="&lt;init&gt;" desc="(Ljava/lang/String;Ljava/lang/String;)V" line="39"><counter type="INSTRUCTION" missed="0" covered="22"/><counter type="LINE" missed="0" covered="8"/><counter type="COMPLEXITY" missed="0" covered="1"/><counter type="METHOD" missed="0" covered="1"/></method><method name="addCredit" desc="(ID)V" line="53"><counter type="INSTRUCTION" missed="0" covered="19"/><counter type="LINE" missed="0" covered="4"/><counter type="COMPLEXITY" missed="0" covered="1"/><counter type="METHOD" missed="0" covered="1"/></method><method name="getCredit" desc="()I" line="62"><counter type="INSTRUCTION" missed="0" covered="3"/><counter type="LINE" missed="0" covered="1"/><counter type="COMPLEXITY" missed="0" covered="1"/><counter type="METHOD" missed="0" covered="1"/></method><method name="getName" desc="()Ljava/lang/String;" line="69"><counter type="INSTRUCTION" missed="0" covered="3"/><counter type="LINE" missed="0" covered="1"/><counter type="COMPLEXITY" missed="0" covered="1"/><counter type="METHOD" missed="0" covered="1"/></method><method name="getPass" desc="()Ljava/lang/String;" line="76"><counter type="INSTRUCTION" missed="0" covered="3"/><counter type="LINE" missed="0" covered="1"/><counter type="COMPLEXITY" missed="0" covered="1"/><counter type="METHOD" missed="0" covered="1"/></method><method name="getAvr" desc="()D" line="83"><counter type="INSTRUCTION" missed="7" covered="7"/><counter type="BRANCH" missed="1" covered="1"/><counter type="LINE" missed="1" covered="2"/><counter type="COMPLEXITY" missed="1" covered="1"/><counter type="METHOD" missed="0" covered="1"/></method><method name="hasMs" desc="()Z" line="93"><counter type="INSTRUCTION" missed="0" covered="8"/><counter type="BRANCH" missed="0" covered="2"/><counter type="LINE" missed="0" covered="3"/><counter type="COMPLEXITY" missed="0" covered="2"/><counter type="METHOD" missed="0" covered="1"/></method><method name="hasBc" desc="()Z" line="103"><counter type="INSTRUCTION" missed="0" covered="8"/><counter type="BRANCH" missed="0" covered="2"/><counter type="LINE" missed="0" covered="3"/><counter type="COMPLEXITY" missed="0" covered="2"/><counter type="METHOD" missed="0" covered="1"/></method><counter type="INSTRUCTION" missed="7" covered="94"/><counter type="BRANCH" missed="1" covered="5"/><counter type="LINE" missed="1" covered="31"/><counter type="COMPLEXITY" missed="1" covered="11"/><counter type="METHOD" missed="0" covered="9"/><counter type="CLASS" missed="0" covered="1"/></class><sourcefile name="Service.java"><line nr="25" mi="2" ci="0" mb="0" cb="0"/><line nr="26" mi="3" ci="0" mb="0" cb="0"/><line nr="27" mi="1" ci="0" mb="0" cb="0"/><line nr="34" mi="5" ci="0" mb="0" cb="0"/><line nr="35" mi="2" ci="0" mb="2" cb="0"/><line nr="36" mi="2" ci="0" mb="0" cb="0"/><line nr="38" mi="3" ci="0" mb="0" cb="0"/><line nr="39" mi="2" ci="0" mb="0" cb="0"/><line nr="46" mi="3" ci="0" mb="0" cb="0"/><line nr="53" mi="6" ci="0" mb="0" cb="0"/><line nr="54" mi="3" ci="0" mb="0" cb="0"/><line nr="55" mi="1" ci="0" mb="0" cb="0"/><line nr="56" mi="3" ci="0" mb="0" cb="0"/><line nr="57" mi="1" ci="0" mb="0" cb="0"/><line nr="58" mi="1" ci="0" mb="0" cb="0"/><line nr="66" mi="5" ci="0" mb="2" cb="0"/><line nr="67" mi="2" ci="0" mb="0" cb="0"/><line nr="69" mi="6" ci="0" mb="0" cb="0"/><line nr="71" mi="5" ci="0" mb="0" cb="0"/><line nr="72" mi="1" ci="0" mb="0" cb="0"/><line nr="73" mi="2" ci="0" mb="0" cb="0"/><line nr="74" mi="1" ci="0" mb="0" cb="0"/><line nr="75" mi="2" ci="0" mb="0" cb="0"/><counter type="INSTRUCTION" missed="62" covered="0"/><counter type="BRANCH" missed="4" covered="0"/><counter type="LINE" missed="23" covered="0"/><counter type="COMPLEXITY" missed="7" covered="0"/><counter type="METHOD" missed="5" covered="0"/><counter type="CLASS" missed="1" covered="0"/></sourcefile><sourcefile name="account.java"><line nr="26" mi="0" ci="2" mb="0" cb="0"/><line nr="27" mi="0" ci="3" mb="0" cb="0"/><line nr="28" mi="0" ci="3" mb="0" cb="0"/><line nr="29" mi="0" ci="3" mb="0" cb="0"/><line nr="30" mi="0" ci="3" mb="0" cb="0"/><line nr="31" mi="0" ci="3" mb="0" cb="0"/><line nr="32" mi="0" ci="3" mb="0" cb="0"/><line nr="33" mi="0" ci="1" mb="0" cb="0"/><line nr="39" mi="0" ci="2" mb="0" cb="0"/><line nr="40" mi="0" ci="3" mb="0" cb="0"/><line nr="41" mi="0" ci="3" mb="0" cb="0"/><line nr="42" mi="0" ci="3" mb="0" cb="0"/><line nr="43" mi="0" ci="3" mb="0" cb="0"/><line nr="44" mi="0" ci="3" mb="0" cb="0"/><line nr="45" mi="0" ci="4" mb="0" cb="0"/><line nr="46" mi="0" ci="1" mb="0" cb="0"/><line nr="53" mi="0" ci="6" mb="0" cb="0"/><line nr="54" mi="0" ci="6" mb="0" cb="0"/><line nr="55" mi="0" ci="6" mb="0" cb="0"/><line nr="56" mi="0" ci="1" mb="0" cb="0"/><line nr="62" mi="0" ci="3" mb="0" cb="0"/><line nr="69" mi="0" ci="3" mb="0" cb="0"/><line nr="76" mi="0" ci="3" mb="0" cb="0"/><line nr="83" mi="0" ci="5" mb="1" cb="1"/><line nr="84" mi="7" ci="0" mb="0" cb="0"/><line nr="86" mi="0" ci="2" mb="0" cb="0"/><line nr="93" mi="0" ci="4" mb="0" cb="2"/><line nr="94" mi="0" ci="2" mb="0" cb="0"/><line nr="96" mi="0" ci="2" mb="0" cb="0"/><line nr="103" mi="0" ci="4" mb="0" cb="2"/><line nr="104" mi="0" ci="2" mb="0" cb="0"/><line nr="106" mi="0" ci="2" mb="0" cb="0"/><counter type="INSTRUCTION" missed="7" covered="94"/><counter type="BRANCH" missed="1" covered="5"/><counter type="LINE" missed="1" covered="31"/><counter type="COMPLEXITY" missed="1" covered="11"/><counter type="METHOD" missed="0" covered="9"/><counter type="CLASS" missed="0" covered="1"/></sourcefile><sourcefile name="laskeMain.java"><line nr="12" mi="3" ci="0" mb="0" cb="0"/><line nr="19" mi="2" ci="0" mb="0" cb="0"/><line nr="20" mi="1" ci="0" mb="0" cb="0"/><counter type="INSTRUCTION" missed="6" covered="0"/><counter type="LINE" missed="3" covered="0"/><counter type="COMPLEXITY" missed="2" covered="0"/><counter type="METHOD" missed="2" covered="0"/><counter type="CLASS" missed="1" covered="0"/></sourcefile><counter type="INSTRUCTION" missed="75" covered="94"/><counter type="BRANCH" missed="5" covered="5"/><counter type="LINE" missed="27" covered="31"/><counter type="COMPLEXITY" missed="10" covered="11"/><counter type="METHOD" missed="7" covered="9"/><counter type="CLASS" missed="2" covered="1"/></package><package name="dao"><class name="dao/FileAccountDao" sourcefilename="FileAccountDao.java"><method name="&lt;init&gt;" desc="(Ljava/lang/String;)V" line="25"><counter type="INSTRUCTION" missed="11" covered="54"/><counter type="BRANCH" missed="0" covered="2"/><counter type="LINE" missed="3" covered="11"/><counter type="COMPLEXITY" missed="0" covered="2"/><counter type="METHOD" missed="0" covered="1"/></method><method name="save" desc="()V" line="42"><counter type="INSTRUCTION" missed="48" covered="0"/><counter type="BRANCH" missed="2" covered="0"/><counter type="LINE" missed="5" covered="0"/><counter type="COMPLEXITY" missed="2" covered="0"/><counter type="METHOD" missed="1" covered="0"/></method><method name="getAll" desc="()Ljava/util/ArrayList;" line="54"><counter type="INSTRUCTION" missed="0" covered="3"/><counter type="LINE" missed="0" covered="1"/><counter type="COMPLEXITY" missed="0" covered="1"/><counter type="METHOD" missed="0" covered="1"/></method><method name="findName" desc="(Ljava/lang/String;)Llaskuri/account;" line="63"><counter type="INSTRUCTION" missed="0" covered="11"/><counter type="LINE" missed="0" covered="4"/><counter type="COMPLEXITY" missed="0" covered="1"/><counter type="METHOD" missed="0" covered="1"/></method><method name="make" desc="(Llaskuri/account;)Llaskuri/account;" line="77"><counter type="INSTRUCTION" missed="9" covered="0"/><counter type="LINE" missed="3" covered="0"/><counter type="COMPLEXITY" missed="1" covered="0"/><counter type="METHOD" missed="1" covered="0"/></method><method name="synToFile" desc="(Ljava/util/ArrayList;)V" line="88"><counter type="INSTRUCTION" missed="6" covered="0"/><counter type="BRANCH" missed="2" covered="0"/><counter type="LINE" missed="4" covered="0"/><counter type="COMPLEXITY" missed="2" covered="0"/><counter type="METHOD" missed="1" covered="0"/></method><method name="lambda$findName$0" desc="(Ljava/lang/String;Llaskuri/account;)Z" line="64"><counter type="INSTRUCTION" missed="0" covered="5"/><counter type="LINE" missed="0" covered="2"/><counter type="COMPLEXITY" missed="0" covered="1"/><counter type="METHOD" missed="0" covered="1"/></method><counter type="INSTRUCTION" missed="74" covered="73"/><counter type="BRANCH" missed="4" covered="2"/><counter type="LINE" missed="15" covered="17"/><counter type="COMPLEXITY" missed="5" covered="5"/><counter type="METHOD" missed="3" covered="4"/><counter type="CLASS" missed="0" covered="1"/></class><class name="dao/AccountDao" sourcefilename="AccountDao.java"/><sourcefile name="AccountDao.java"/><sourcefile name="FileAccountDao.java"><line nr="25" mi="0" ci="2" mb="0" cb="0"/><line nr="26" mi="0" ci="5" mb="0" cb="0"/><line nr="27" mi="0" ci="3" mb="0" cb="0"/><line nr="29" mi="0" ci="8" mb="0" cb="0"/><line nr="30" mi="0" ci="3" mb="0" cb="2"/><line nr="31" mi="0" ci="5" mb="0" cb="0"/><line nr="32" mi="0" ci="20" mb="0" cb="0"/><line nr="34" mi="0" ci="5" mb="0" cb="0"/><line nr="35" mi="0" ci="1" mb="0" cb="0"/><line nr="36" mi="1" ci="0" mb="0" cb="0"/><line nr="37" mi="8" ci="0" mb="0" cb="0"/><line nr="38" mi="2" ci="0" mb="0" cb="0"/><line nr="39" mi="0" ci="1" mb="0" cb="0"/><line nr="40" mi="0" ci="1" mb="0" cb="0"/><line nr="42" mi="9" ci="0" mb="0" cb="0"/><line nr="43" mi="11" ci="0" mb="2" cb="0"/><line nr="44" mi="26" ci="0" mb="0" cb="0"/><line nr="45" mi="1" ci="0" mb="0" cb="0"/><line nr="47" mi="1" ci="0" mb="0" cb="0"/><line nr="54" mi="0" ci="3" mb="0" cb="0"/><line nr="63" mi="0" ci="6" mb="0" cb="0"/><line nr="64" mi="0" ci="5" mb="0" cb="0"/><line nr="65" mi="0" ci="1" mb="0" cb="0"/><line nr="66" mi="0" ci="2" mb="0" cb="0"/><line nr="67" mi="0" ci="2" mb="0" cb="0"/><line nr="77" mi="5" ci="0" mb="0" cb="0"/><line nr="78" mi="2" ci="0" mb="0" cb="0"/><line nr="79" mi="2" ci="0" mb="0" cb="0"/><line nr="88" mi="2" ci="0" mb="2" cb="0"/><line nr="89" mi="1" ci="0" mb="0" cb="0"/><line nr="91" mi="2" ci="0" mb="0" cb="0"/><line nr="92" mi="1" ci="0" mb="0" cb="0"/><counter type="INSTRUCTION" missed="74" covered="73"/><counter type="BRANCH" missed="4" covered="2"/><counter type="LINE" missed="15" covered="17"/><counter type="COMPLEXITY" missed="5" covered="5"/><counter type="METHOD" missed="3" covered="4"/><counter type="CLASS" missed="0" covered="1"/></sourcefile><counter type="INSTRUCTION" missed="74" covered="73"/><counter type="BRANCH" missed="4" covered="2"/><counter type="LINE" missed="15" covered="17"/><counter type="COMPLEXITY" missed="5" covered="5"/><counter type="METHOD" missed="3" covered="4"/><counter type="CLASS" missed="0" covered="1"/></package><package name="config"><class name="config/properties" sourcefilename="properties.java"><method name="&lt;init&gt;" desc="()V" line="12"><counter type="INSTRUCTION" missed="3" covered="0"/><counter type="LINE" missed="1" covered="0"/><counter type="COMPLEXITY" missed="1" covered="0"/><counter type="METHOD" missed="1" covered="0"/></method><counter type="INSTRUCTION" missed="3" covered="0"/><counter type="LINE" missed="1" covered="0"/><counter type="COMPLEXITY" missed="1" covered="0"/><counter type="METHOD" missed="1" covered="0"/><counter type="CLASS" missed="1" covered="0"/></class><sourcefile name="properties.java"><line nr="12" mi="3" ci="0" mb="0" cb="0"/><counter type="INSTRUCTION" missed="3" covered="0"/><counter type="LINE" missed="1" covered="0"/><counter type="COMPLEXITY" missed="1" covered="0"/><counter type="METHOD" missed="1" covered="0"/><counter type="CLASS" missed="1" covered="0"/></sourcefile><counter type="INSTRUCTION" missed="3" covered="0"/><counter type="LINE" missed="1" covered="0"/><counter type="COMPLEXITY" missed="1" covered="0"/><counter type="METHOD" missed="1" covered="0"/><counter type="CLASS" missed="1" covered="0"/></package><counter type="INSTRUCTION" missed="152" covered="167"/><counter type="BRANCH" missed="9" covered="7"/><counter type="LINE" missed="43" covered="48"/><counter type="COMPLEXITY" missed="16" covered="16"/><counter type="METHOD" missed="11" covered="13"/><counter type="CLASS" missed="3" covered="2"/></report>